# JRE version: OpenJDK Runtime Environment (17.0.11) (build 17.0.11+0--11852314)
# Java VM: OpenJDK 64-Bit Server VM (17.0.11+0--11852314, mixed mode, tiered, compressed oops, compressed class ptrs, g1 gc, windows-amd64)
GC Precious Log:
 CPUs: 12 total, 12 available
 Memory: 7597M
 Large Page Support: Disabled
 NUMA Support: Disabled
 Compressed Oops: Enabled (32-bit)
 Heap Region Size: 1M
 Heap Min Capacity: 8M
 Heap Initial Capacity: 120M
 Heap Max Capacity: 2G
 Pre-touch: Disabled
 Parallel Workers: 10
 Concurrent Workers: 3
 Concurrent Refinement Workers: 10
 Periodic GC: Disabled
Heap:
 garbage-first heap   total 322560K, used 151166K [0x0000000080000000, 0x0000000100000000)
  region size 1024K, 2 young (2048K), 2 survivors (2048K)
 Metaspace       used 151555K, committed 152896K, reserved 1245184K
  class space    used 20603K, committed 21312K, reserved 1048576K
GC Heap History (20 events):
Event: 1274.520 GC heap after
{Heap after GC invocations=81 (full 0):
 garbage-first heap   total 322560K, used 167560K [0x0000000080000000, 0x0000000100000000)
  region size 1024K, 11 young (11264K), 11 survivors (11264K)
 Metaspace       used 150341K, committed 151552K, reserved 1179648K
  class space    used 20623K, committed 21248K, reserved 1048576K
}
Event: 2502.266 GC heap before
{Heap before GC invocations=82 (full 0):
 garbage-first heap   total 322560K, used 302728K [0x0000000080000000, 0x0000000100000000)
  region size 1024K, 98 young (100352K), 11 survivors (11264K)
 Metaspace       used 150667K, committed 151936K, reserved 1179648K
  class space    used 20623K, committed 21248K, reserved 1048576K
}
Event: 2502.596 GC heap after
{Heap after GC invocations=83 (full 0):
 garbage-first heap   total 322560K, used 165669K [0x0000000080000000, 0x0000000100000000)
  region size 1024K, 2 young (2048K), 2 survivors (2048K)
 Metaspace       used 150667K, committed 151936K, reserved 1179648K
  class space    used 20623K, committed 21248K, reserved 1048576K
}
Event: 3152.251 GC heap before
{Heap before GC invocations=83 (full 0):
 garbage-first heap   total 322560K, used 178981K [0x0000000080000000, 0x0000000100000000)
  region size 1024K, 15 young (15360K), 2 survivors (2048K)
 Metaspace       used 150705K, committed 152000K, reserved 1179648K
  class space    used 20623K, committed 21248K, reserved 1048576K
}
Event: 3152.342 GC heap after
{Heap after GC invocations=84 (full 0):
 garbage-first heap   total 322560K, used 152091K [0x0000000080000000, 0x0000000100000000)
  region size 1024K, 1 young (1024K), 1 survivors (1024K)
 Metaspace       used 150705K, committed 152000K, reserved 1179648K
  class space    used 20623K, committed 21248K, reserved 1048576K
}
Event: 3982.169 GC heap before
{Heap before GC invocations=84 (full 0):
 garbage-first heap   total 322560K, used 269851K [0x0000000080000000, 0x0000000100000000)
  region size 1024K, 116 young (118784K), 1 survivors (1024K)
 Metaspace       used 151174K, committed 152512K, reserved 1245184K
  class space    used 20665K, committed 21312K, reserved 1048576K
}
Event: 3982.227 GC heap after
{Heap after GC invocations=85 (full 0):
 garbage-first heap   total 322560K, used 163967K [0x0000000080000000, 0x0000000100000000)
  region size 1024K, 13 young (13312K), 13 survivors (13312K)
 Metaspace       used 151174K, committed 152512K, reserved 1245184K
  class space    used 20665K, committed 21312K, reserved 1048576K
}
Event: 4277.825 GC heap before
{Heap before GC invocations=86 (full 0):
 garbage-first heap   total 322560K, used 265343K [0x0000000080000000, 0x0000000100000000)
  region size 1024K, 112 young (114688K), 13 survivors (13312K)
 Metaspace       used 151152K, committed 152512K, reserved 1245184K
  class space    used 20597K, committed 21312K, reserved 1048576K
}
Event: 4277.921 GC heap after
{Heap after GC invocations=87 (full 0):
 garbage-first heap   total 322560K, used 171784K [0x0000000080000000, 0x0000000100000000)
  region size 1024K, 9 young (9216K), 9 survivors (9216K)
 Metaspace       used 151152K, committed 152512K, reserved 1245184K
  class space    used 20597K, committed 21312K, reserved 1048576K
}
Event: 4277.979 GC heap before
{Heap before GC invocations=87 (full 0):
 garbage-first heap   total 322560K, used 176904K [0x0000000080000000, 0x0000000100000000)
  region size 1024K, 15 young (15360K), 9 survivors (9216K)
 Metaspace       used 151156K, committed 152512K, reserved 1245184K
  class space    used 20597K, committed 21312K, reserved 1048576K
}
Event: 4278.087 GC heap after
{Heap after GC invocations=88 (full 0):
 garbage-first heap   total 322560K, used 160749K [0x0000000080000000, 0x0000000100000000)
  region size 1024K, 2 young (2048K), 2 survivors (2048K)
 Metaspace       used 151156K, committed 152512K, reserved 1245184K
  class space    used 20597K, committed 21312K, reserved 1048576K
}
Event: 4278.499 GC heap before
{Heap before GC invocations=88 (full 0):
 garbage-first heap   total 322560K, used 174061K [0x0000000080000000, 0x0000000100000000)
  region size 1024K, 15 young (15360K), 2 survivors (2048K)
 Metaspace       used 151234K, committed 152576K, reserved 1245184K
  class space    used 20597K, committed 21312K, reserved 1048576K
}
Event: 4278.520 GC heap after
{Heap after GC invocations=89 (full 0):
 garbage-first heap   total 322560K, used 161146K [0x0000000080000000, 0x0000000100000000)
  region size 1024K, 2 young (2048K), 2 survivors (2048K)
 Metaspace       used 151234K, committed 152576K, reserved 1245184K
  class space    used 20597K, committed 21312K, reserved 1048576K
}
Event: 4284.717 GC heap before
{Heap before GC invocations=89 (full 0):
 garbage-first heap   total 322560K, used 263546K [0x0000000080000000, 0x0000000100000000)
  region size 1024K, 103 young (105472K), 2 survivors (2048K)
 Metaspace       used 151479K, committed 152832K, reserved 1245184K
  class space    used 20606K, committed 21312K, reserved 1048576K
}
Event: 4284.756 GC heap after
{Heap after GC invocations=90 (full 0):
 garbage-first heap   total 322560K, used 171192K [0x0000000080000000, 0x0000000100000000)
  region size 1024K, 12 young (12288K), 12 survivors (12288K)
 Metaspace       used 151479K, committed 152832K, reserved 1245184K
  class space    used 20606K, committed 21312K, reserved 1048576K
}
Event: 4285.520 GC heap before
{Heap before GC invocations=91 (full 0):
 garbage-first heap   total 322560K, used 256184K [0x0000000080000000, 0x0000000100000000)
  region size 1024K, 104 young (106496K), 12 survivors (12288K)
 Metaspace       used 151555K, committed 152896K, reserved 1245184K
  class space    used 20603K, committed 21312K, reserved 1048576K
}
Event: 4285.551 GC heap after
{Heap after GC invocations=92 (full 0):
 garbage-first heap   total 322560K, used 170505K [0x0000000080000000, 0x0000000100000000)
  region size 1024K, 8 young (8192K), 8 survivors (8192K)
 Metaspace       used 151555K, committed 152896K, reserved 1245184K
  class space    used 20603K, committed 21312K, reserved 1048576K
}
Event: 4285.569 GC heap before
{Heap before GC invocations=92 (full 0):
 garbage-first heap   total 322560K, used 176649K [0x0000000080000000, 0x0000000100000000)
  region size 1024K, 15 young (15360K), 8 survivors (8192K)
 Metaspace       used 151555K, committed 152896K, reserved 1245184K
  class space    used 20603K, committed 21312K, reserved 1048576K
}
Event: 4285.614 GC heap after
{Heap after GC invocations=93 (full 0):
 garbage-first heap   total 322560K, used 149127K [0x0000000080000000, 0x0000000100000000)
  region size 1024K, 2 young (2048K), 2 survivors (2048K)
 Metaspace       used 151555K, committed 152896K, reserved 1245184K
  class space    used 20603K, committed 21312K, reserved 1048576K
}
Event: 4285.640 GC heap before
{Heap before GC invocations=93 (full 0):
 garbage-first heap   total 322560K, used 161415K [0x0000000080000000, 0x0000000100000000)
  region size 1024K, 15 young (15360K), 2 survivors (2048K)
 Metaspace       used 151555K, committed 152896K, reserved 1245184K
  class space    used 20603K, committed 21312K, reserved 1048576K
}

